  main.cpp
d:\year 1-1\programming fundamental\game assignment\ninja treasure hunter game\ninja treasure hunter game\player.h(40): warning C4018: '<': signed/unsigned mismatch
d:\year 1-1\programming fundamental\game assignment\ninja treasure hunter game\ninja treasure hunter game\player.h(46): warning C4018: '<': signed/unsigned mismatch
d:\year 1-1\programming fundamental\game assignment\ninja treasure hunter game\ninja treasure hunter game\main.cpp(57): warning C4244: 'argument': conversion from 'time_t' to 'unsigned int', possible loss of data
d:\year 1-1\programming fundamental\game assignment\ninja treasure hunter game\ninja treasure hunter game\main.cpp(321): warning C4244: 'argument': conversion from 'int' to 'float', possible loss of data
d:\year 1-1\programming fundamental\game assignment\ninja treasure hunter game\ninja treasure hunter game\main.cpp(331): warning C4244: 'argument': conversion from 'int' to 'float', possible loss of data
d:\year 1-1\programming fundamental\game assignment\ninja treasure hunter game\ninja treasure hunter game\main.cpp(584): warning C4244: 'argument': conversion from 'int' to 'float', possible loss of data
d:\year 1-1\programming fundamental\game assignment\ninja treasure hunter game\ninja treasure hunter game\main.cpp(607): warning C4244: 'argument': conversion from 'int' to 'float', possible loss of data
d:\year 1-1\programming fundamental\game assignment\ninja treasure hunter game\ninja treasure hunter game\main.cpp(608): warning C4244: 'argument': conversion from 'int' to 'float', possible loss of data
d:\year 1-1\programming fundamental\game assignment\ninja treasure hunter game\ninja treasure hunter game\main.cpp(609): warning C4244: 'argument': conversion from 'int' to 'float', possible loss of data
d:\year 1-1\programming fundamental\game assignment\ninja treasure hunter game\ninja treasure hunter game\main.cpp(623): warning C4244: 'argument': conversion from 'int' to 'float', possible loss of data
d:\year 1-1\programming fundamental\game assignment\ninja treasure hunter game\ninja treasure hunter game\main.cpp(629): warning C4244: 'argument': conversion from 'int' to 'float', possible loss of data
d:\year 1-1\programming fundamental\game assignment\ninja treasure hunter game\ninja treasure hunter game\main.cpp(633): warning C4244: 'argument': conversion from 'int' to 'float', possible loss of data
d:\year 1-1\programming fundamental\game assignment\ninja treasure hunter game\ninja treasure hunter game\main.cpp(638): warning C4244: 'argument': conversion from 'int' to 'float', possible loss of data
d:\year 1-1\programming fundamental\game assignment\ninja treasure hunter game\ninja treasure hunter game\main.cpp(642): warning C4244: 'argument': conversion from 'int' to 'float', possible loss of data
d:\year 1-1\programming fundamental\game assignment\ninja treasure hunter game\ninja treasure hunter game\main.cpp(643): warning C4244: 'argument': conversion from 'int' to 'float', possible loss of data
d:\year 1-1\programming fundamental\game assignment\ninja treasure hunter game\ninja treasure hunter game\main.cpp(680): warning C4018: '<': signed/unsigned mismatch
d:\year 1-1\programming fundamental\game assignment\ninja treasure hunter game\ninja treasure hunter game\main.cpp(764): warning C4018: '<': signed/unsigned mismatch
d:\year 1-1\programming fundamental\game assignment\ninja treasure hunter game\ninja treasure hunter game\main.cpp(850): warning C4018: '<': signed/unsigned mismatch
d:\year 1-1\programming fundamental\game assignment\ninja treasure hunter game\ninja treasure hunter game\main.cpp(866): warning C4018: '<': signed/unsigned mismatch
d:\year 1-1\programming fundamental\game assignment\ninja treasure hunter game\ninja treasure hunter game\main.cpp(871): warning C4018: '<': signed/unsigned mismatch
d:\year 1-1\programming fundamental\game assignment\ninja treasure hunter game\ninja treasure hunter game\main.cpp(873): warning C4018: '<': signed/unsigned mismatch
d:\year 1-1\programming fundamental\game assignment\ninja treasure hunter game\ninja treasure hunter game\main.cpp(875): warning C4018: '<': signed/unsigned mismatch
d:\year 1-1\programming fundamental\game assignment\ninja treasure hunter game\ninja treasure hunter game\main.cpp(877): warning C4018: '<': signed/unsigned mismatch
d:\year 1-1\programming fundamental\game assignment\ninja treasure hunter game\ninja treasure hunter game\main.cpp(879): warning C4018: '<': signed/unsigned mismatch
d:\year 1-1\programming fundamental\game assignment\ninja treasure hunter game\ninja treasure hunter game\main.cpp(881): warning C4018: '<': signed/unsigned mismatch
d:\year 1-1\programming fundamental\game assignment\ninja treasure hunter game\ninja treasure hunter game\main.cpp(883): warning C4018: '<': signed/unsigned mismatch
d:\year 1-1\programming fundamental\game assignment\ninja treasure hunter game\ninja treasure hunter game\main.cpp(889): warning C4244: 'argument': conversion from 'int' to 'float', possible loss of data
d:\year 1-1\programming fundamental\game assignment\ninja treasure hunter game\ninja treasure hunter game\main.cpp(893): warning C4244: 'argument': conversion from 'int' to 'float', possible loss of data
d:\year 1-1\programming fundamental\game assignment\ninja treasure hunter game\ninja treasure hunter game\main.cpp(897): warning C4244: 'argument': conversion from 'int' to 'float', possible loss of data
d:\year 1-1\programming fundamental\game assignment\ninja treasure hunter game\ninja treasure hunter game\main.cpp(901): warning C4244: 'argument': conversion from 'int' to 'float', possible loss of data
d:\year 1-1\programming fundamental\game assignment\ninja treasure hunter game\ninja treasure hunter game\main.cpp(905): warning C4244: 'argument': conversion from 'int' to 'float', possible loss of data
d:\year 1-1\programming fundamental\game assignment\ninja treasure hunter game\ninja treasure hunter game\main.cpp(909): warning C4244: 'argument': conversion from 'int' to 'float', possible loss of data
d:\year 1-1\programming fundamental\game assignment\ninja treasure hunter game\ninja treasure hunter game\main.cpp(977): warning C4018: '<': signed/unsigned mismatch
d:\year 1-1\programming fundamental\game assignment\ninja treasure hunter game\ninja treasure hunter game\main.cpp(984): warning C4018: '<': signed/unsigned mismatch
d:\year 1-1\programming fundamental\game assignment\ninja treasure hunter game\ninja treasure hunter game\main.cpp(991): warning C4018: '<': signed/unsigned mismatch
d:\year 1-1\programming fundamental\game assignment\ninja treasure hunter game\ninja treasure hunter game\main.cpp(998): warning C4018: '<': signed/unsigned mismatch
d:\year 1-1\programming fundamental\game assignment\ninja treasure hunter game\ninja treasure hunter game\main.cpp(1016): warning C4018: '<': signed/unsigned mismatch
d:\year 1-1\programming fundamental\game assignment\ninja treasure hunter game\ninja treasure hunter game\main.cpp(1022): warning C4018: '<': signed/unsigned mismatch
d:\year 1-1\programming fundamental\game assignment\ninja treasure hunter game\ninja treasure hunter game\main.cpp(1143): warning C4018: '<': signed/unsigned mismatch
d:\year 1-1\programming fundamental\game assignment\ninja treasure hunter game\ninja treasure hunter game\main.cpp(1264): warning C4244: 'argument': conversion from 'int' to 'float', possible loss of data
d:\year 1-1\programming fundamental\game assignment\ninja treasure hunter game\ninja treasure hunter game\main.cpp(1287): warning C4244: 'argument': conversion from 'int' to 'float', possible loss of data
d:\year 1-1\programming fundamental\game assignment\ninja treasure hunter game\ninja treasure hunter game\main.cpp(1288): warning C4244: 'argument': conversion from 'int' to 'float', possible loss of data
d:\year 1-1\programming fundamental\game assignment\ninja treasure hunter game\ninja treasure hunter game\main.cpp(1289): warning C4244: 'argument': conversion from 'int' to 'float', possible loss of data
d:\year 1-1\programming fundamental\game assignment\ninja treasure hunter game\ninja treasure hunter game\main.cpp(1303): warning C4244: 'argument': conversion from 'int' to 'float', possible loss of data
d:\year 1-1\programming fundamental\game assignment\ninja treasure hunter game\ninja treasure hunter game\main.cpp(1309): warning C4244: 'argument': conversion from 'int' to 'float', possible loss of data
d:\year 1-1\programming fundamental\game assignment\ninja treasure hunter game\ninja treasure hunter game\main.cpp(1312): warning C4244: 'argument': conversion from 'int' to 'float', possible loss of data
d:\year 1-1\programming fundamental\game assignment\ninja treasure hunter game\ninja treasure hunter game\main.cpp(1317): warning C4244: 'argument': conversion from 'int' to 'float', possible loss of data
d:\year 1-1\programming fundamental\game assignment\ninja treasure hunter game\ninja treasure hunter game\main.cpp(1321): warning C4244: 'argument': conversion from 'int' to 'float', possible loss of data
d:\year 1-1\programming fundamental\game assignment\ninja treasure hunter game\ninja treasure hunter game\main.cpp(1322): warning C4244: 'argument': conversion from 'int' to 'float', possible loss of data
d:\year 1-1\programming fundamental\game assignment\ninja treasure hunter game\ninja treasure hunter game\main.cpp(1360): warning C4018: '<': signed/unsigned mismatch
d:\year 1-1\programming fundamental\game assignment\ninja treasure hunter game\ninja treasure hunter game\main.cpp(1444): warning C4018: '<': signed/unsigned mismatch
d:\year 1-1\programming fundamental\game assignment\ninja treasure hunter game\ninja treasure hunter game\main.cpp(1531): warning C4018: '<': signed/unsigned mismatch
d:\year 1-1\programming fundamental\game assignment\ninja treasure hunter game\ninja treasure hunter game\main.cpp(1547): warning C4018: '<': signed/unsigned mismatch
d:\year 1-1\programming fundamental\game assignment\ninja treasure hunter game\ninja treasure hunter game\main.cpp(1552): warning C4018: '<': signed/unsigned mismatch
d:\year 1-1\programming fundamental\game assignment\ninja treasure hunter game\ninja treasure hunter game\main.cpp(1554): warning C4018: '<': signed/unsigned mismatch
d:\year 1-1\programming fundamental\game assignment\ninja treasure hunter game\ninja treasure hunter game\main.cpp(1556): warning C4018: '<': signed/unsigned mismatch
d:\year 1-1\programming fundamental\game assignment\ninja treasure hunter game\ninja treasure hunter game\main.cpp(1558): warning C4018: '<': signed/unsigned mismatch
d:\year 1-1\programming fundamental\game assignment\ninja treasure hunter game\ninja treasure hunter game\main.cpp(1560): warning C4018: '<': signed/unsigned mismatch
d:\year 1-1\programming fundamental\game assignment\ninja treasure hunter game\ninja treasure hunter game\main.cpp(1562): warning C4018: '<': signed/unsigned mismatch
d:\year 1-1\programming fundamental\game assignment\ninja treasure hunter game\ninja treasure hunter game\main.cpp(1564): warning C4018: '<': signed/unsigned mismatch
d:\year 1-1\programming fundamental\game assignment\ninja treasure hunter game\ninja treasure hunter game\main.cpp(1570): warning C4244: 'argument': conversion from 'int' to 'float', possible loss of data
d:\year 1-1\programming fundamental\game assignment\ninja treasure hunter game\ninja treasure hunter game\main.cpp(1574): warning C4244: 'argument': conversion from 'int' to 'float', possible loss of data
d:\year 1-1\programming fundamental\game assignment\ninja treasure hunter game\ninja treasure hunter game\main.cpp(1578): warning C4244: 'argument': conversion from 'int' to 'float', possible loss of data
d:\year 1-1\programming fundamental\game assignment\ninja treasure hunter game\ninja treasure hunter game\main.cpp(1582): warning C4244: 'argument': conversion from 'int' to 'float', possible loss of data
d:\year 1-1\programming fundamental\game assignment\ninja treasure hunter game\ninja treasure hunter game\main.cpp(1586): warning C4244: 'argument': conversion from 'int' to 'float', possible loss of data
d:\year 1-1\programming fundamental\game assignment\ninja treasure hunter game\ninja treasure hunter game\main.cpp(1590): warning C4244: 'argument': conversion from 'int' to 'float', possible loss of data
d:\year 1-1\programming fundamental\game assignment\ninja treasure hunter game\ninja treasure hunter game\main.cpp(1659): warning C4018: '<': signed/unsigned mismatch
d:\year 1-1\programming fundamental\game assignment\ninja treasure hunter game\ninja treasure hunter game\main.cpp(1666): warning C4018: '<': signed/unsigned mismatch
d:\year 1-1\programming fundamental\game assignment\ninja treasure hunter game\ninja treasure hunter game\main.cpp(1673): warning C4018: '<': signed/unsigned mismatch
d:\year 1-1\programming fundamental\game assignment\ninja treasure hunter game\ninja treasure hunter game\main.cpp(1680): warning C4018: '<': signed/unsigned mismatch
d:\year 1-1\programming fundamental\game assignment\ninja treasure hunter game\ninja treasure hunter game\main.cpp(1698): warning C4018: '<': signed/unsigned mismatch
d:\year 1-1\programming fundamental\game assignment\ninja treasure hunter game\ninja treasure hunter game\main.cpp(1704): warning C4018: '<': signed/unsigned mismatch
d:\year 1-1\programming fundamental\game assignment\ninja treasure hunter game\ninja treasure hunter game\main.cpp(1824): warning C4018: '<': signed/unsigned mismatch
d:\year 1-1\programming fundamental\game assignment\ninja treasure hunter game\ninja treasure hunter game\main.cpp(1945): warning C4244: 'argument': conversion from 'int' to 'float', possible loss of data
d:\year 1-1\programming fundamental\game assignment\ninja treasure hunter game\ninja treasure hunter game\main.cpp(1968): warning C4244: 'argument': conversion from 'int' to 'float', possible loss of data
d:\year 1-1\programming fundamental\game assignment\ninja treasure hunter game\ninja treasure hunter game\main.cpp(1969): warning C4244: 'argument': conversion from 'int' to 'float', possible loss of data
d:\year 1-1\programming fundamental\game assignment\ninja treasure hunter game\ninja treasure hunter game\main.cpp(1970): warning C4244: 'argument': conversion from 'int' to 'float', possible loss of data
d:\year 1-1\programming fundamental\game assignment\ninja treasure hunter game\ninja treasure hunter game\main.cpp(1984): warning C4244: 'argument': conversion from 'int' to 'float', possible loss of data
d:\year 1-1\programming fundamental\game assignment\ninja treasure hunter game\ninja treasure hunter game\main.cpp(1990): warning C4244: 'argument': conversion from 'int' to 'float', possible loss of data
d:\year 1-1\programming fundamental\game assignment\ninja treasure hunter game\ninja treasure hunter game\main.cpp(1993): warning C4244: 'argument': conversion from 'int' to 'float', possible loss of data
d:\year 1-1\programming fundamental\game assignment\ninja treasure hunter game\ninja treasure hunter game\main.cpp(1998): warning C4244: 'argument': conversion from 'int' to 'float', possible loss of data
d:\year 1-1\programming fundamental\game assignment\ninja treasure hunter game\ninja treasure hunter game\main.cpp(2002): warning C4244: 'argument': conversion from 'int' to 'float', possible loss of data
d:\year 1-1\programming fundamental\game assignment\ninja treasure hunter game\ninja treasure hunter game\main.cpp(2003): warning C4244: 'argument': conversion from 'int' to 'float', possible loss of data
d:\year 1-1\programming fundamental\game assignment\ninja treasure hunter game\ninja treasure hunter game\main.cpp(2043): warning C4018: '<': signed/unsigned mismatch
d:\year 1-1\programming fundamental\game assignment\ninja treasure hunter game\ninja treasure hunter game\main.cpp(2128): warning C4018: '<': signed/unsigned mismatch
d:\year 1-1\programming fundamental\game assignment\ninja treasure hunter game\ninja treasure hunter game\main.cpp(2215): warning C4018: '<': signed/unsigned mismatch
d:\year 1-1\programming fundamental\game assignment\ninja treasure hunter game\ninja treasure hunter game\main.cpp(2231): warning C4018: '<': signed/unsigned mismatch
d:\year 1-1\programming fundamental\game assignment\ninja treasure hunter game\ninja treasure hunter game\main.cpp(2236): warning C4018: '<': signed/unsigned mismatch
d:\year 1-1\programming fundamental\game assignment\ninja treasure hunter game\ninja treasure hunter game\main.cpp(2238): warning C4018: '<': signed/unsigned mismatch
d:\year 1-1\programming fundamental\game assignment\ninja treasure hunter game\ninja treasure hunter game\main.cpp(2240): warning C4018: '<': signed/unsigned mismatch
d:\year 1-1\programming fundamental\game assignment\ninja treasure hunter game\ninja treasure hunter game\main.cpp(2242): warning C4018: '<': signed/unsigned mismatch
d:\year 1-1\programming fundamental\game assignment\ninja treasure hunter game\ninja treasure hunter game\main.cpp(2244): warning C4018: '<': signed/unsigned mismatch
d:\year 1-1\programming fundamental\game assignment\ninja treasure hunter game\ninja treasure hunter game\main.cpp(2246): warning C4018: '<': signed/unsigned mismatch
d:\year 1-1\programming fundamental\game assignment\ninja treasure hunter game\ninja treasure hunter game\main.cpp(2248): warning C4018: '<': signed/unsigned mismatch
d:\year 1-1\programming fundamental\game assignment\ninja treasure hunter game\ninja treasure hunter game\main.cpp(2254): warning C4244: 'argument': conversion from 'int' to 'float', possible loss of data
d:\year 1-1\programming fundamental\game assignment\ninja treasure hunter game\ninja treasure hunter game\main.cpp(2258): warning C4244: 'argument': conversion from 'int' to 'float', possible loss of data
d:\year 1-1\programming fundamental\game assignment\ninja treasure hunter game\ninja treasure hunter game\main.cpp(2262): warning C4244: 'argument': conversion from 'int' to 'float', possible loss of data
d:\year 1-1\programming fundamental\game assignment\ninja treasure hunter game\ninja treasure hunter game\main.cpp(2266): warning C4244: 'argument': conversion from 'int' to 'float', possible loss of data
d:\year 1-1\programming fundamental\game assignment\ninja treasure hunter game\ninja treasure hunter game\main.cpp(2270): warning C4244: 'argument': conversion from 'int' to 'float', possible loss of data
d:\year 1-1\programming fundamental\game assignment\ninja treasure hunter game\ninja treasure hunter game\main.cpp(2274): warning C4244: 'argument': conversion from 'int' to 'float', possible loss of data
d:\year 1-1\programming fundamental\game assignment\ninja treasure hunter game\ninja treasure hunter game\main.cpp(2343): warning C4018: '<': signed/unsigned mismatch
d:\year 1-1\programming fundamental\game assignment\ninja treasure hunter game\ninja treasure hunter game\main.cpp(2350): warning C4018: '<': signed/unsigned mismatch
d:\year 1-1\programming fundamental\game assignment\ninja treasure hunter game\ninja treasure hunter game\main.cpp(2357): warning C4018: '<': signed/unsigned mismatch
d:\year 1-1\programming fundamental\game assignment\ninja treasure hunter game\ninja treasure hunter game\main.cpp(2364): warning C4018: '<': signed/unsigned mismatch
d:\year 1-1\programming fundamental\game assignment\ninja treasure hunter game\ninja treasure hunter game\main.cpp(2382): warning C4018: '<': signed/unsigned mismatch
d:\year 1-1\programming fundamental\game assignment\ninja treasure hunter game\ninja treasure hunter game\main.cpp(2388): warning C4018: '<': signed/unsigned mismatch
d:\year 1-1\programming fundamental\game assignment\ninja treasure hunter game\ninja treasure hunter game\main.cpp(2508): warning C4018: '<': signed/unsigned mismatch
d:\year 1-1\programming fundamental\game assignment\ninja treasure hunter game\ninja treasure hunter game\main.cpp(2630): warning C4244: 'argument': conversion from 'int' to 'float', possible loss of data
d:\year 1-1\programming fundamental\game assignment\ninja treasure hunter game\ninja treasure hunter game\main.cpp(2653): warning C4244: 'argument': conversion from 'int' to 'float', possible loss of data
d:\year 1-1\programming fundamental\game assignment\ninja treasure hunter game\ninja treasure hunter game\main.cpp(2654): warning C4244: 'argument': conversion from 'int' to 'float', possible loss of data
d:\year 1-1\programming fundamental\game assignment\ninja treasure hunter game\ninja treasure hunter game\main.cpp(2655): warning C4244: 'argument': conversion from 'int' to 'float', possible loss of data
d:\year 1-1\programming fundamental\game assignment\ninja treasure hunter game\ninja treasure hunter game\main.cpp(2669): warning C4244: 'argument': conversion from 'int' to 'float', possible loss of data
d:\year 1-1\programming fundamental\game assignment\ninja treasure hunter game\ninja treasure hunter game\main.cpp(2675): warning C4244: 'argument': conversion from 'int' to 'float', possible loss of data
d:\year 1-1\programming fundamental\game assignment\ninja treasure hunter game\ninja treasure hunter game\main.cpp(2678): warning C4244: 'argument': conversion from 'int' to 'float', possible loss of data
d:\year 1-1\programming fundamental\game assignment\ninja treasure hunter game\ninja treasure hunter game\main.cpp(2683): warning C4244: 'argument': conversion from 'int' to 'float', possible loss of data
d:\year 1-1\programming fundamental\game assignment\ninja treasure hunter game\ninja treasure hunter game\main.cpp(2687): warning C4244: 'argument': conversion from 'int' to 'float', possible loss of data
d:\year 1-1\programming fundamental\game assignment\ninja treasure hunter game\ninja treasure hunter game\main.cpp(2688): warning C4244: 'argument': conversion from 'int' to 'float', possible loss of data
d:\year 1-1\programming fundamental\game assignment\ninja treasure hunter game\ninja treasure hunter game\main.cpp(2728): warning C4018: '<': signed/unsigned mismatch
d:\year 1-1\programming fundamental\game assignment\ninja treasure hunter game\ninja treasure hunter game\main.cpp(2812): warning C4018: '<': signed/unsigned mismatch
d:\year 1-1\programming fundamental\game assignment\ninja treasure hunter game\ninja treasure hunter game\main.cpp(2898): warning C4018: '<': signed/unsigned mismatch
d:\year 1-1\programming fundamental\game assignment\ninja treasure hunter game\ninja treasure hunter game\main.cpp(2914): warning C4018: '<': signed/unsigned mismatch
d:\year 1-1\programming fundamental\game assignment\ninja treasure hunter game\ninja treasure hunter game\main.cpp(2919): warning C4018: '<': signed/unsigned mismatch
d:\year 1-1\programming fundamental\game assignment\ninja treasure hunter game\ninja treasure hunter game\main.cpp(2921): warning C4018: '<': signed/unsigned mismatch
d:\year 1-1\programming fundamental\game assignment\ninja treasure hunter game\ninja treasure hunter game\main.cpp(2923): warning C4018: '<': signed/unsigned mismatch
d:\year 1-1\programming fundamental\game assignment\ninja treasure hunter game\ninja treasure hunter game\main.cpp(2925): warning C4018: '<': signed/unsigned mismatch
d:\year 1-1\programming fundamental\game assignment\ninja treasure hunter game\ninja treasure hunter game\main.cpp(2927): warning C4018: '<': signed/unsigned mismatch
d:\year 1-1\programming fundamental\game assignment\ninja treasure hunter game\ninja treasure hunter game\main.cpp(2929): warning C4018: '<': signed/unsigned mismatch
d:\year 1-1\programming fundamental\game assignment\ninja treasure hunter game\ninja treasure hunter game\main.cpp(2931): warning C4018: '<': signed/unsigned mismatch
d:\year 1-1\programming fundamental\game assignment\ninja treasure hunter game\ninja treasure hunter game\main.cpp(2937): warning C4244: 'argument': conversion from 'int' to 'float', possible loss of data
d:\year 1-1\programming fundamental\game assignment\ninja treasure hunter game\ninja treasure hunter game\main.cpp(2941): warning C4244: 'argument': conversion from 'int' to 'float', possible loss of data
d:\year 1-1\programming fundamental\game assignment\ninja treasure hunter game\ninja treasure hunter game\main.cpp(2945): warning C4244: 'argument': conversion from 'int' to 'float', possible loss of data
d:\year 1-1\programming fundamental\game assignment\ninja treasure hunter game\ninja treasure hunter game\main.cpp(2949): warning C4244: 'argument': conversion from 'int' to 'float', possible loss of data
d:\year 1-1\programming fundamental\game assignment\ninja treasure hunter game\ninja treasure hunter game\main.cpp(2953): warning C4244: 'argument': conversion from 'int' to 'float', possible loss of data
d:\year 1-1\programming fundamental\game assignment\ninja treasure hunter game\ninja treasure hunter game\main.cpp(2957): warning C4244: 'argument': conversion from 'int' to 'float', possible loss of data
d:\year 1-1\programming fundamental\game assignment\ninja treasure hunter game\ninja treasure hunter game\main.cpp(3026): warning C4018: '<': signed/unsigned mismatch
d:\year 1-1\programming fundamental\game assignment\ninja treasure hunter game\ninja treasure hunter game\main.cpp(3033): warning C4018: '<': signed/unsigned mismatch
d:\year 1-1\programming fundamental\game assignment\ninja treasure hunter game\ninja treasure hunter game\main.cpp(3040): warning C4018: '<': signed/unsigned mismatch
d:\year 1-1\programming fundamental\game assignment\ninja treasure hunter game\ninja treasure hunter game\main.cpp(3047): warning C4018: '<': signed/unsigned mismatch
d:\year 1-1\programming fundamental\game assignment\ninja treasure hunter game\ninja treasure hunter game\main.cpp(3065): warning C4018: '<': signed/unsigned mismatch
d:\year 1-1\programming fundamental\game assignment\ninja treasure hunter game\ninja treasure hunter game\main.cpp(3071): warning C4018: '<': signed/unsigned mismatch
d:\year 1-1\programming fundamental\game assignment\ninja treasure hunter game\ninja treasure hunter game\main.cpp(3193): warning C4018: '<': signed/unsigned mismatch
d:\year 1-1\programming fundamental\game assignment\ninja treasure hunter game\ninja treasure hunter game\main.cpp(3302): warning C4244: 'argument': conversion from 'int' to 'float', possible loss of data
d:\year 1-1\programming fundamental\game assignment\ninja treasure hunter game\ninja treasure hunter game\main.cpp(3321): warning C4244: 'argument': conversion from 'int' to 'float', possible loss of data
d:\year 1-1\programming fundamental\game assignment\ninja treasure hunter game\ninja treasure hunter game\main.cpp(3322): warning C4244: 'argument': conversion from 'int' to 'float', possible loss of data
d:\year 1-1\programming fundamental\game assignment\ninja treasure hunter game\ninja treasure hunter game\main.cpp(3323): warning C4244: 'argument': conversion from 'int' to 'float', possible loss of data
d:\year 1-1\programming fundamental\game assignment\ninja treasure hunter game\ninja treasure hunter game\main.cpp(3337): warning C4244: 'argument': conversion from 'int' to 'float', possible loss of data
d:\year 1-1\programming fundamental\game assignment\ninja treasure hunter game\ninja treasure hunter game\main.cpp(3343): warning C4244: 'argument': conversion from 'int' to 'float', possible loss of data
d:\year 1-1\programming fundamental\game assignment\ninja treasure hunter game\ninja treasure hunter game\main.cpp(3347): warning C4244: 'argument': conversion from 'int' to 'float', possible loss of data
d:\year 1-1\programming fundamental\game assignment\ninja treasure hunter game\ninja treasure hunter game\main.cpp(3348): warning C4244: 'argument': conversion from 'int' to 'float', possible loss of data
d:\year 1-1\programming fundamental\game assignment\ninja treasure hunter game\ninja treasure hunter game\main.cpp(3475): warning C4018: '<': signed/unsigned mismatch
d:\year 1-1\programming fundamental\game assignment\ninja treasure hunter game\ninja treasure hunter game\main.cpp(3480): warning C4018: '<': signed/unsigned mismatch
d:\year 1-1\programming fundamental\game assignment\ninja treasure hunter game\ninja treasure hunter game\main.cpp(3482): warning C4018: '<': signed/unsigned mismatch
d:\year 1-1\programming fundamental\game assignment\ninja treasure hunter game\ninja treasure hunter game\main.cpp(3484): warning C4018: '<': signed/unsigned mismatch
d:\year 1-1\programming fundamental\game assignment\ninja treasure hunter game\ninja treasure hunter game\main.cpp(3486): warning C4018: '<': signed/unsigned mismatch
d:\year 1-1\programming fundamental\game assignment\ninja treasure hunter game\ninja treasure hunter game\main.cpp(3488): warning C4018: '<': signed/unsigned mismatch
d:\year 1-1\programming fundamental\game assignment\ninja treasure hunter game\ninja treasure hunter game\main.cpp(3494): warning C4244: 'argument': conversion from 'int' to 'float', possible loss of data
d:\year 1-1\programming fundamental\game assignment\ninja treasure hunter game\ninja treasure hunter game\main.cpp(3498): warning C4244: 'argument': conversion from 'int' to 'float', possible loss of data
d:\year 1-1\programming fundamental\game assignment\ninja treasure hunter game\ninja treasure hunter game\main.cpp(3502): warning C4244: 'argument': conversion from 'int' to 'float', possible loss of data
d:\year 1-1\programming fundamental\game assignment\ninja treasure hunter game\ninja treasure hunter game\main.cpp(3506): warning C4244: 'argument': conversion from 'int' to 'float', possible loss of data
d:\year 1-1\programming fundamental\game assignment\ninja treasure hunter game\ninja treasure hunter game\main.cpp(3552): warning C4018: '<': signed/unsigned mismatch
d:\year 1-1\programming fundamental\game assignment\ninja treasure hunter game\ninja treasure hunter game\main.cpp(3559): warning C4018: '<': signed/unsigned mismatch
d:\year 1-1\programming fundamental\game assignment\ninja treasure hunter game\ninja treasure hunter game\main.cpp(3566): warning C4018: '<': signed/unsigned mismatch
d:\year 1-1\programming fundamental\game assignment\ninja treasure hunter game\ninja treasure hunter game\main.cpp(3661): warning C4101: 'Pressed': unreferenced local variable
d:\year 1-1\programming fundamental\game assignment\ninja treasure hunter game\ninja treasure hunter game\main.cpp(3742): warning C4018: '<': signed/unsigned mismatch
d:\year 1-1\programming fundamental\game assignment\ninja treasure hunter game\ninja treasure hunter game\main.cpp(3749): warning C4018: '<': signed/unsigned mismatch
  Generating code
  5 of 1240 functions ( 0.4%) were compiled, the rest were copied from previous compilation.
    0 functions were new in current compilation
    10 functions had inline decision re-evaluated but remain unchanged
  Finished generating code
  Ninja Treasure Hunter Game.vcxproj -> D:\YEAR 1-1\PROGRAMMING FUNDAMENTAL\GAME Assignment\Ninja Treasure Hunter Game\Release\Ninja Treasure Hunter Game.exe
