d:\year 1-1\programming fundamental\game assignment\ninja treasure hunter game\ninja treasure hunter game\debug\vc141.pdb
d:\year 1-1\programming fundamental\game assignment\ninja treasure hunter game\ninja treasure hunter game\debug\vc141.idb
d:\year 1-1\programming fundamental\game assignment\ninja treasure hunter game\ninja treasure hunter game\debug\textdisplay.obj
d:\year 1-1\programming fundamental\game assignment\ninja treasure hunter game\ninja treasure hunter game\debug\textbar.obj
d:\year 1-1\programming fundamental\game assignment\ninja treasure hunter game\ninja treasure hunter game\debug\resourcemanager.obj
d:\year 1-1\programming fundamental\game assignment\ninja treasure hunter game\ninja treasure hunter game\debug\player.obj
d:\year 1-1\programming fundamental\game assignment\ninja treasure hunter game\ninja treasure hunter game\debug\platform.obj
d:\year 1-1\programming fundamental\game assignment\ninja treasure hunter game\ninja treasure hunter game\debug\main.obj
d:\year 1-1\programming fundamental\game assignment\ninja treasure hunter game\ninja treasure hunter game\debug\item.obj
d:\year 1-1\programming fundamental\game assignment\ninja treasure hunter game\ninja treasure hunter game\debug\enemy.obj
d:\year 1-1\programming fundamental\game assignment\ninja treasure hunter game\ninja treasure hunter game\debug\effect.obj
d:\year 1-1\programming fundamental\game assignment\ninja treasure hunter game\ninja treasure hunter game\debug\collision.obj
d:\year 1-1\programming fundamental\game assignment\ninja treasure hunter game\ninja treasure hunter game\debug\collider.obj
d:\year 1-1\programming fundamental\game assignment\ninja treasure hunter game\ninja treasure hunter game\debug\clash.obj
d:\year 1-1\programming fundamental\game assignment\ninja treasure hunter game\ninja treasure hunter game\debug\boss.obj
d:\year 1-1\programming fundamental\game assignment\ninja treasure hunter game\ninja treasure hunter game\debug\background.obj
d:\year 1-1\programming fundamental\game assignment\ninja treasure hunter game\ninja treasure hunter game\debug\animation.obj
d:\year 1-1\programming fundamental\game assignment\ninja treasure hunter game\ninja treasure hunter game\debug\texthp.obj
d:\year 1-1\programming fundamental\game assignment\ninja treasure hunter game\ninja treasure hunter game\debug\opject.obj
d:\year 1-1\programming fundamental\game assignment\ninja treasure hunter game\debug\ninja treasure hunter game.exe
d:\year 1-1\programming fundamental\game assignment\ninja treasure hunter game\debug\ninja treasure hunter game.ilk
d:\year 1-1\programming fundamental\game assignment\ninja treasure hunter game\debug\ninja treasure hunter game.pdb
d:\year 1-1\programming fundamental\game assignment\ninja treasure hunter game\ninja treasure hunter game\debug\boss.obj.enc
d:\year 1-1\programming fundamental\game assignment\ninja treasure hunter game\ninja treasure hunter game\debug\main.obj.enc
d:\year 1-1\programming fundamental\game assignment\ninja treasure hunter game\ninja treasure hunter game\debug\ninja tr.3d420041.tlog\cl.command.1.tlog
d:\year 1-1\programming fundamental\game assignment\ninja treasure hunter game\ninja treasure hunter game\debug\ninja tr.3d420041.tlog\cl.read.1.tlog
d:\year 1-1\programming fundamental\game assignment\ninja treasure hunter game\ninja treasure hunter game\debug\ninja tr.3d420041.tlog\cl.write.1.tlog
d:\year 1-1\programming fundamental\game assignment\ninja treasure hunter game\ninja treasure hunter game\debug\ninja tr.3d420041.tlog\link.command.1.tlog
d:\year 1-1\programming fundamental\game assignment\ninja treasure hunter game\ninja treasure hunter game\debug\ninja tr.3d420041.tlog\link.read.1.tlog
d:\year 1-1\programming fundamental\game assignment\ninja treasure hunter game\ninja treasure hunter game\debug\ninja tr.3d420041.tlog\link.write.1.tlog
